<?xml version="1.0" encoding="UTF-8"?>
<testng-results skipped="0" failed="0" ignored="0" total="6" passed="6">
  <reporter-output>
  </reporter-output>
  <suite name="Suite" duration-ms="52" started-at="2022-04-16T23:06:52 IST" finished-at="2022-04-16T23:06:52 IST">
    <groups>
    </groups>
    <test name="Test" duration-ms="52" started-at="2022-04-16T23:06:52 IST" finished-at="2022-04-16T23:06:52 IST">
      <class name="PracticeMaven.MavenExample.AppiumTest">
        <test-method status="PASS" signature="NativeApp()[pri:0, instance:PracticeMaven.MavenExample.AppiumTest@7a765367]" name="NativeApp" duration-ms="0" started-at="2022-04-16T23:06:52 IST" finished-at="2022-04-16T23:06:52 IST">
          <reporter-output>
          </reporter-output>
        </test-method> <!-- NativeApp -->
        <test-method status="PASS" signature="iOSApp()[pri:0, instance:PracticeMaven.MavenExample.AppiumTest@7a765367]" name="iOSApp" duration-ms="0" started-at="2022-04-16T23:06:52 IST" finished-at="2022-04-16T23:06:52 IST">
          <reporter-output>
          </reporter-output>
        </test-method> <!-- iOSApp -->
      </class> <!-- PracticeMaven.MavenExample.AppiumTest -->
      <class name="PracticeMaven.MavenExample.RESTAPIAssuredTest">
        <test-method status="PASS" signature="PostJira()[pri:0, instance:PracticeMaven.MavenExample.RESTAPIAssuredTest@11438d26]" name="PostJira" duration-ms="6" started-at="2022-04-16T23:06:52 IST" finished-at="2022-04-16T23:06:52 IST">
          <reporter-output>
          </reporter-output>
        </test-method> <!-- PostJira -->
        <test-method status="PASS" signature="deleteTwitter()[pri:0, instance:PracticeMaven.MavenExample.RESTAPIAssuredTest@11438d26]" name="deleteTwitter" duration-ms="0" started-at="2022-04-16T23:06:52 IST" finished-at="2022-04-16T23:06:52 IST">
          <reporter-output>
          </reporter-output>
        </test-method> <!-- deleteTwitter -->
      </class> <!-- PracticeMaven.MavenExample.RESTAPIAssuredTest -->
      <class name="PracticeMaven.MavenExample.SeleniumJavaTest">
        <test-method status="PASS" signature="WebTesting()[pri:0, instance:PracticeMaven.MavenExample.SeleniumJavaTest@76b0bfab]" name="WebTesting" duration-ms="1" started-at="2022-04-16T23:06:52 IST" finished-at="2022-04-16T23:06:52 IST">
          <reporter-output>
          </reporter-output>
        </test-method> <!-- WebTesting -->
        <test-method status="PASS" signature="WebBrowser()[pri:0, instance:PracticeMaven.MavenExample.SeleniumJavaTest@76b0bfab]" name="WebBrowser" duration-ms="0" started-at="2022-04-16T23:06:52 IST" finished-at="2022-04-16T23:06:52 IST">
          <reporter-output>
          </reporter-output>
        </test-method> <!-- WebBrowser -->
      </class> <!-- PracticeMaven.MavenExample.SeleniumJavaTest -->
    </test> <!-- Test -->
  </suite> <!-- Suite -->
</testng-results>
