<?xml version="1.0" encoding="UTF-8"?>
<testng-results skipped="0" failed="0" total="1" passed="1">
  <reporter-output>
  </reporter-output>
  <suite name="Default suite" duration-ms="7980" started-at="2022-04-20T14:18:00Z" finished-at="2022-04-20T14:18:08Z">
    <groups>
    </groups>
    <test name="Default test" duration-ms="7980" started-at="2022-04-20T14:18:00Z" finished-at="2022-04-20T14:18:08Z">
      <class name="PracticeMaven.MavenExample.ExtentReportExample">
        <test-method status="PASS" signature="beforeConfig()[pri:0, instance:PracticeMaven.MavenExample.ExtentReportExample@3c0ecd4b]" name="beforeConfig" is-config="true" duration-ms="244" started-at="2022-04-20T19:48:00Z" finished-at="2022-04-20T19:48:01Z">
          <reporter-output>
          </reporter-output>
        </test-method> <!-- beforeConfig -->
        <test-method status="PASS" signature="InitialDemo()[pri:0, instance:PracticeMaven.MavenExample.ExtentReportExample@3c0ecd4b]" name="InitialDemo" duration-ms="7720" started-at="2022-04-20T19:48:01Z" finished-at="2022-04-20T19:48:08Z">
          <reporter-output>
          </reporter-output>
        </test-method> <!-- InitialDemo -->
      </class> <!-- PracticeMaven.MavenExample.ExtentReportExample -->
    </test> <!-- Default test -->
  </suite> <!-- Default suite -->
</testng-results>
